#
# There is insufficient memory for the Java Runtime Environment to continue.
# Native memory allocation (malloc) failed to allocate 1094592 bytes for Chunk::new
# Possible reasons:
#   The system is out of physical RAM or swap space
#   The process is running with CompressedOops enabled, and the Java Heap may be blocking the growth of the native heap
# Possible solutions:
#   Reduce memory load on the system
#   Increase physical memory or swap space
#   Check if swap backing store is full
#   Decrease Java heap size (-Xmx/-Xms)
#   Decrease number of Java threads
#   Decrease Java thread stack sizes (-Xss)
#   Set larger code cache with -XX:ReservedCodeCacheSize=
#   JVM is running with Unscaled Compressed Oops mode in which the Java heap is
#     placed in the first 4GB address space. The Java Heap base address is the
#     maximum limit for the native heap growth. Please use -XX:HeapBaseMinAddress
#     to set the Java Heap base and to place the Java Heap above 4GB virtual address.
# This output file may be truncated or incomplete.
#
#  Out of Memory Error (allocation.cpp:389), pid=10200, tid=0x0000000000002fe8
#
# JRE version: OpenJDK Runtime Environment (8.0_242-b01) (build 1.8.0_242-release-1644-b01)
# Java VM: OpenJDK 64-Bit Server VM (25.242-b01 mixed mode windows-amd64 compressed oops)
# Failed to write core dump. Minidumps are not enabled by default on client versions of Windows
#

---------------  T H R E A D  ---------------

Current thread (0x00000000177fe000):  JavaThread "C2 CompilerThread2" daemon [_thread_in_native, id=12264, stack(0x000000001a0d0000,0x000000001a1d0000)]

Stack: [0x000000001a0d0000,0x000000001a1d0000]
[error occurred during error reporting (printing stack bounds), id 0xc0000005]

Native frames: (J=compiled Java code, j=interpreted, Vv=VM code, C=native code)


Current CompileTask:
C2:4271602 18220       4       com.android.ide.common.resources.NodeUtils::duplicateNode (315 bytes)


---------------  P R O C E S S  ---------------

Java Threads: ( => current thread )
  0x0000000023d98800 JavaThread "stdout" [_thread_in_native, id=8940, stack(0x000000002c2d0000,0x000000002c3d0000)]
  0x0000000023d96800 JavaThread "stderr" [_thread_in_native, id=3108, stack(0x000000002c1d0000,0x000000002c2d0000)]
  0x0000000023d95800 JavaThread "stdout" [_thread_in_native, id=3364, stack(0x000000002c0d0000,0x000000002c1d0000)]
  0x000000001c0bf000 JavaThread "stderr" [_thread_in_native, id=1980, stack(0x000000002bfd0000,0x000000002c0d0000)]
  0x000000001c551000 JavaThread "stdout" [_thread_in_native, id=9340, stack(0x000000002a560000,0x000000002a660000)]
  0x000000001c558000 JavaThread "stderr" [_thread_in_native, id=10124, stack(0x000000002a060000,0x000000002a160000)]
  0x000000001f125000 JavaThread "pool-12-thread-1" [_thread_blocked, id=3244, stack(0x0000000029f60000,0x000000002a060000)]
  0x000000001f124800 JavaThread "WorkerExecutor Queue Thread 8" [_thread_blocked, id=8896, stack(0x000000002b6d0000,0x000000002b7d0000)]
  0x000000001f122000 JavaThread "WorkerExecutor Queue Thread 7" [_thread_blocked, id=14664, stack(0x000000002b030000,0x000000002b130000)]
  0x000000001f120800 JavaThread "WorkerExecutor Queue Thread 6" [_thread_blocked, id=10876, stack(0x000000002ac60000,0x000000002ad60000)]
  0x000000001f126000 JavaThread "WorkerExecutor Queue Thread 5" [_thread_blocked, id=6544, stack(0x000000002a9d0000,0x000000002aad0000)]
  0x000000001f123800 JavaThread "WorkerExecutor Queue Thread 4" [_thread_blocked, id=5340, stack(0x000000002a8d0000,0x000000002a9d0000)]
  0x000000001f123000 JavaThread "WorkerExecutor Queue Thread 3" [_thread_blocked, id=11328, stack(0x000000002a7d0000,0x000000002a8d0000)]
  0x000000001f119000 JavaThread "WorkerExecutor Queue Thread 2" [_thread_blocked, id=4992, stack(0x000000002a6d0000,0x000000002a7d0000)]
  0x000000001f120000 JavaThread "WorkerExecutor Queue" [_thread_blocked, id=10288, stack(0x000000002a460000,0x000000002a560000)]
  0x000000001f11f000 JavaThread "Cache worker for execution history cache (D:\Development\Android-Apps\Mibebyyo\.gradle\6.1.1\executionHistory)" [_thread_blocked, id=9348, stack(0x0000000029c60000,0x0000000029d60000)]
  0x000000001f118000 JavaThread "Execution worker for ':' Thread 7" [_thread_blocked, id=8884, stack(0x0000000029b60000,0x0000000029c60000)]
  0x000000001f11c000 JavaThread "Execution worker for ':' Thread 6" [_thread_blocked, id=4980, stack(0x0000000029a60000,0x0000000029b60000)]
  0x000000001f117800 JavaThread "Execution worker for ':' Thread 5" [_thread_in_native, id=5172, stack(0x0000000029960000,0x0000000029a60000)]
  0x000000001f11b800 JavaThread "Execution worker for ':' Thread 4" [_thread_in_native, id=13284, stack(0x0000000029860000,0x0000000029960000)]
  0x000000001f11a800 JavaThread "Execution worker for ':' Thread 3" [_thread_in_native, id=13016, stack(0x0000000029760000,0x0000000029860000)]
  0x000000001f11e800 JavaThread "Execution worker for ':' Thread 2" [_thread_blocked, id=1352, stack(0x0000000029660000,0x0000000029760000)]
  0x000000001f11d000 JavaThread "Execution worker for ':'" [_thread_in_native, id=10224, stack(0x0000000029560000,0x0000000029660000)]
  0x00000000268c9800 JavaThread "Cache worker for file content cache (D:\Development\Android-Apps\Mibebyyo\.gradle\6.1.1\fileContent)" [_thread_blocked, id=4404, stack(0x0000000029460000,0x0000000029560000)]
  0x00000000268c8800 JavaThread "Cache worker for Build Output Cleanup Cache (D:\Development\Android-Apps\Mibebyyo\.gradle\buildOutputCleanup)" [_thread_blocked, id=5680, stack(0x0000000025cb0000,0x0000000025db0000)]
  0x00000000268c6800 JavaThread "Build operations Thread 8" [_thread_blocked, id=13228, stack(0x00000000247b0000,0x00000000248b0000)]
  0x00000000268c8000 JavaThread "Build operations Thread 7" [_thread_blocked, id=10532, stack(0x00000000246b0000,0x00000000247b0000)]
  0x00000000268c7000 JavaThread "Build operations Thread 6" [_thread_blocked, id=12472, stack(0x00000000245b0000,0x00000000246b0000)]
  0x00000000268ca000 JavaThread "Build operations Thread 5" [_thread_blocked, id=2992, stack(0x00000000244b0000,0x00000000245b0000)]
  0x00000000268be800 JavaThread "Build operations Thread 4" [_thread_blocked, id=13852, stack(0x00000000243b0000,0x00000000244b0000)]
  0x00000000268c5800 JavaThread "Build operations Thread 3" [_thread_blocked, id=3004, stack(0x00000000242b0000,0x00000000243b0000)]
  0x00000000268c0000 JavaThread "Build operations Thread 2" [_thread_blocked, id=14616, stack(0x00000000241b0000,0x00000000242b0000)]
  0x00000000268bf800 JavaThread "Build operations" [_thread_blocked, id=12580, stack(0x00000000240b0000,0x00000000241b0000)]
  0x00000000268be000 JavaThread "Cache worker for cache directory md-rule (C:\Users\Edwin\.gradle\caches\6.1.1\md-rule)" [_thread_blocked, id=14604, stack(0x0000000022dc0000,0x0000000022ec0000)]
  0x00000000268c4800 JavaThread "Cache worker for cache directory md-supplier (C:\Users\Edwin\.gradle\caches\6.1.1\md-supplier)" [_thread_blocked, id=5800, stack(0x0000000020b90000,0x0000000020c90000)]
  0x00000000268c4000 JavaThread "Cache worker for file hash cache (D:\Development\Android-Apps\Mibebyyo\.gradle\6.1.1\fileHashes)" [_thread_blocked, id=1632, stack(0x0000000020890000,0x0000000020990000)]
  0x00000000268c3000 JavaThread "Cache worker for checksums cache (D:\Development\Android-Apps\Mibebyyo\.gradle\checksums)" [_thread_blocked, id=3296, stack(0x000000001dbf0000,0x000000001dcf0000)]
  0x00000000268c1800 JavaThread "Thread-183" [_thread_blocked, id=7312, stack(0x000000001daf0000,0x000000001dbf0000)]
  0x00000000268bd000 JavaThread "Stdin handler" [_thread_blocked, id=4324, stack(0x000000001d9f0000,0x000000001daf0000)]
  0x00000000268bc800 JavaThread "Asynchronous log dispatcher for DefaultDaemonConnection: socket connection from /127.0.0.1:50165 to /127.0.0.1:51049" [_thread_blocked, id=9468, stack(0x000000001d6f0000,0x000000001d7f0000)]
  0x00000000268bb000 JavaThread "Cancel handler" [_thread_blocked, id=9296, stack(0x0000000000b30000,0x0000000000c30000)]
  0x00000000268c1000 JavaThread "Handler for socket connection from /127.0.0.1:50165 to /127.0.0.1:51049" [_thread_in_native, id=15300, stack(0x0000000000a30000,0x0000000000b30000)]
  0x000000001f121800 JavaThread "MarlinRenderer Disposer" daemon [_thread_blocked, id=3656, stack(0x000000002ab60000,0x000000002ac60000)]
  0x000000001f11a000 JavaThread "Java2D Disposer" daemon [_thread_blocked, id=3472, stack(0x000000002b1d0000,0x000000002b2d0000)]
  0x000000001c54f000 JavaThread "Cache worker for file content cache (C:\Users\Edwin\.gradle\caches\6.1.1\fileContent)" [_thread_blocked, id=2696, stack(0x0000000029360000,0x0000000029460000)]
  0x000000001c54b000 JavaThread "Daemon worker Thread 4" [_thread_blocked, id=10824, stack(0x000000001d5f0000,0x000000001d6f0000)]
  0x000000001c550800 JavaThread "Daemon Thread 4" [_thread_blocked, id=10316, stack(0x0000000000930000,0x0000000000a30000)]
  0x000000001c54d800 JavaThread "Memory manager" [_thread_blocked, id=6940, stack(0x0000000025e00000,0x0000000025f00000)]
  0x000000001c0c1000 JavaThread "Cache worker for execution history cache (C:\Users\Edwin\.gradle\caches\6.1.1\executionHistory)" [_thread_blocked, id=11164, stack(0x0000000021ec0000,0x0000000021fc0000)]
  0x000000001c0bf800 JavaThread "Cache worker for file hash cache (C:\Users\Edwin\.gradle\caches\6.1.1\fileHashes)" [_thread_blocked, id=5672, stack(0x000000001e3f0000,0x000000001e4f0000)]
  0x000000001c0bb000 JavaThread "File lock request listener" [_thread_in_native, id=5992, stack(0x000000001e2f0000,0x000000001e3f0000)]
  0x000000001a5d9800 JavaThread "Cache worker for journal cache (C:\Users\Edwin\.gradle\caches\journal-1)" [_thread_blocked, id=10472, stack(0x000000001e1f0000,0x000000001e2f0000)]
  0x000000001c01e800 JavaThread "Daemon periodic checks" [_thread_blocked, id=10264, stack(0x000000001d4f0000,0x000000001d5f0000)]
  0x000000001c01d800 JavaThread "Incoming local TCP Connector on port 50165" [_thread_in_native, id=2616, stack(0x000000001d2b0000,0x000000001d3b0000)]
  0x0000000019712000 JavaThread "Daemon health stats" [_thread_blocked, id=15024, stack(0x000000001cc70000,0x000000001cd70000)]
  0x0000000019699000 JavaThread "Service Thread" daemon [_thread_blocked, id=15324, stack(0x000000001a2d0000,0x000000001a3d0000)]
  0x0000000019613000 JavaThread "C1 CompilerThread3" daemon [_thread_blocked, id=7124, stack(0x000000001a1d0000,0x000000001a2d0000)]
=>0x00000000177fe000 JavaThread "C2 CompilerThread2" daemon [_thread_in_native, id=12264, stack(0x000000001a0d0000,0x000000001a1d0000)]
  0x00000000177fc000 JavaThread "C2 CompilerThread1" daemon [_thread_in_native, id=13140, stack(0x0000000019fd0000,0x000000001a0d0000)]
  0x00000000177f9000 JavaThread "C2 CompilerThread0" daemon [_thread_in_native, id=11420, stack(0x0000000019ed0000,0x0000000019fd0000)]
  0x0000000019605800 JavaThread "Attach Listener" daemon [_thread_blocked, id=7720, stack(0x0000000019dd0000,0x0000000019ed0000)]
  0x0000000019604000 JavaThread "Signal Dispatcher" daemon [_thread_blocked, id=5708, stack(0x0000000019cd0000,0x0000000019dd0000)]
  0x000000000277d800 JavaThread "Finalizer" daemon [_thread_blocked, id=9824, stack(0x0000000019ad0000,0x0000000019bd0000)]
  0x0000000002777000 JavaThread "Reference Handler" daemon [_thread_blocked, id=7096, stack(0x00000000199d0000,0x0000000019ad0000)]
  0x000000000257e800 JavaThread "main" [_thread_blocked, id=3768, stack(0x0000000002580000,0x0000000002680000)]

Other Threads:
  0x00000000177e6000 VMThread [stack: 0x00000000194d0000,0x00000000195d0000] [id=6224]
  0x0000000019699800 WatcherThread [stack: 0x000000001a3d0000,0x000000001a4d0000] [id=4360]

VM state:not at safepoint (normal execution)

VM Mutex/Monitor currently owned by a thread: None

heap address: 0x0000000080000000, size: 2048 MB, Compressed Oops mode: 32-bit
Narrow klass base: 0x0000000000000000, Narrow klass shift: 3
Compressed class space size: 1073741824 Address: 0x0000000100000000

Heap:
 PSYoungGen      total 566272K, used 180520K [0x00000000d5580000, 0x0000000100000000, 0x0000000100000000)
  eden space 524800K, 26% used [0x00000000d5580000,0x00000000ddd51ce8,0x00000000f5600000)
  from space 41472K, 99% used [0x00000000f5600000,0x00000000f7e784e8,0x00000000f7e80000)
  to   space 54784K, 0% used [0x00000000fca80000,0x00000000fca80000,0x0000000100000000)
 ParOldGen       total 124928K, used 91568K [0x0000000080000000, 0x0000000087a00000, 0x00000000d5580000)
  object space 124928K, 73% used [0x0000000080000000,0x000000008596c280,0x0000000087a00000)
 Metaspace       used 96919K, capacity 101350K, committed 102424K, reserved 1138688K
  class space    used 12411K, capacity 13306K, committed 13616K, reserved 1048576K

Card table byte_map: [0x0000000011b40000,0x0000000011f50000] byte_map_base: 0x0000000011740000

Marking Bits: (ParMarkBitMap*) 0x00000000726df030
 Begin Bits: [0x0000000012a00000, 0x0000000014a00000)
 End Bits:   [0x0000000014a00000, 0x0000000016a00000)

Polling page: 0x0000000000820000

CodeCache: size=245760Kb used=50153Kb max_used=50396Kb free=195606Kb
 bounds [0x0000000002780000, 0x0000000005900000, 0x0000000011780000]
 total_blobs=15687 nmethods=14700 adapters=898
 compilation: enabled

Compilation events (10 events):
Event: 4271.557 Thread 0x0000000019613000 18288       2       org.gradle.internal.instantiation.generator.AsmBackedClassGenerator$ClassBuilderImpl::mixInGroovyObject (67 bytes)
Event: 4271.558 Thread 0x0000000019613000 nmethod 18288 0x000000000362ba10 code [0x000000000362bbc0, 0x000000000362bf38]
Event: 4271.581 Thread 0x0000000019613000 18290       1       com.android.builder.internal.aapt.v2.Aapt2Daemon::getDisplayName (5 bytes)
Event: 4271.581 Thread 0x0000000019613000 nmethod 18290 0x0000000002e7ea90 code [0x0000000002e7ebe0, 0x0000000002e7ecf0]
Event: 4271.585 Thread 0x0000000019613000 18291       2       java.time.Instant::equals (50 bytes)
Event: 4271.585 Thread 0x0000000019613000 nmethod 18291 0x000000000291d450 code [0x000000000291d5c0, 0x000000000291d7f0]
Event: 4271.591 Thread 0x0000000019613000 18292       2       com.android.build.gradle.internal.LoggerWrapper::<init> (10 bytes)
Event: 4271.591 Thread 0x0000000019613000 nmethod 18292 0x000000000319afd0 code [0x000000000319b120, 0x000000000319b290]
Event: 4271.600 Thread 0x0000000019613000 18293       2       com.google.common.util.concurrent.AbstractFuture::getDoneValue (55 bytes)
Event: 4271.600 Thread 0x0000000019613000 nmethod 18293 0x00000000037b5790 code [0x00000000037b5940, 0x00000000037b5d68]

GC Heap History (10 events):
Event: 3687.054 GC heap before
{Heap before GC invocations=17 (full 3):
 PSYoungGen      total 455168K, used 455157K [0x00000000d5580000, 0x00000000faa00000, 0x0000000100000000)
  eden space 433152K, 100% used [0x00000000d5580000,0x00000000efc80000,0x00000000efc80000)
  from space 22016K, 99% used [0x00000000efc80000,0x00000000f11fd428,0x00000000f1200000)
  to   space 31232K, 0% used [0x00000000f8b80000,0x00000000f8b80000,0x00000000faa00000)
 ParOldGen       total 124928K, used 60781K [0x0000000080000000, 0x0000000087a00000, 0x00000000d5580000)
  object space 124928K, 48% used [0x0000000080000000,0x0000000083b5b638,0x0000000087a00000)
 Metaspace       used 87090K, capacity 91532K, committed 91800K, reserved 1128448K
  class space    used 11421K, capacity 12343K, committed 12464K, reserved 1048576K
Event: 3694.047 GC heap after
Heap after GC invocations=17 (full 3):
 PSYoungGen      total 550912K, used 18325K [0x00000000d5580000, 0x00000000f9d80000, 0x0000000100000000)
  eden space 532480K, 0% used [0x00000000d5580000,0x00000000d5580000,0x00000000f5d80000)
  from space 18432K, 99% used [0x00000000f8b80000,0x00000000f9d656e8,0x00000000f9d80000)
  to   space 31744K, 0% used [0x00000000f5f80000,0x00000000f5f80000,0x00000000f7e80000)
 ParOldGen       total 124928K, used 81067K [0x0000000080000000, 0x0000000087a00000, 0x00000000d5580000)
  object space 124928K, 64% used [0x0000000080000000,0x0000000084f2ae40,0x0000000087a00000)
 Metaspace       used 87090K, capacity 91532K, committed 91800K, reserved 1128448K
  class space    used 11421K, capacity 12343K, committed 12464K, reserved 1048576K
}
Event: 4251.827 GC heap before
{Heap before GC invocations=18 (full 3):
 PSYoungGen      total 550912K, used 550805K [0x00000000d5580000, 0x00000000f9d80000, 0x0000000100000000)
  eden space 532480K, 100% used [0x00000000d5580000,0x00000000f5d80000,0x00000000f5d80000)
  from space 18432K, 99% used [0x00000000f8b80000,0x00000000f9d656e8,0x00000000f9d80000)
  to   space 31744K, 0% used [0x00000000f5f80000,0x00000000f5f80000,0x00000000f7e80000)
 ParOldGen       total 124928K, used 81067K [0x0000000080000000, 0x0000000087a00000, 0x00000000d5580000)
  object space 124928K, 64% used [0x0000000080000000,0x0000000084f2ae40,0x0000000087a00000)
 Metaspace       used 91977K, capacity 97088K, committed 97176K, reserved 1134592K
  class space    used 11953K, capacity 12950K, committed 12976K, reserved 1048576K
Event: 4251.899 GC heap after
Heap after GC invocations=18 (full 3):
 PSYoungGen      total 540672K, used 31720K [0x00000000d5580000, 0x00000000f9780000, 0x0000000100000000)
  eden space 508928K, 0% used [0x00000000d5580000,0x00000000d5580000,0x00000000f4680000)
  from space 31744K, 99% used [0x00000000f5f80000,0x00000000f7e7a110,0x00000000f7e80000)
  to   space 25600K, 0% used [0x00000000f7e80000,0x00000000f7e80000,0x00000000f9780000)
 ParOldGen       total 124928K, used 94248K [0x0000000080000000, 0x0000000087a00000, 0x00000000d5580000)
  object space 124928K, 75% used [0x0000000080000000,0x0000000085c0a080,0x0000000087a00000)
 Metaspace       used 91977K, capacity 97088K, committed 97176K, reserved 1134592K
  class space    used 11953K, capacity 12950K, committed 12976K, reserved 1048576K
}
Event: 4252.831 GC heap before
{Heap before GC invocations=19 (full 3):
 PSYoungGen      total 540672K, used 64661K [0x00000000d5580000, 0x00000000f9780000, 0x0000000100000000)
  eden space 508928K, 6% used [0x00000000d5580000,0x00000000d75ab678,0x00000000f4680000)
  from space 31744K, 99% used [0x00000000f5f80000,0x00000000f7e7a110,0x00000000f7e80000)
  to   space 25600K, 0% used [0x00000000f7e80000,0x00000000f7e80000,0x00000000f9780000)
 ParOldGen       total 124928K, used 94248K [0x0000000080000000, 0x0000000087a00000, 0x00000000d5580000)
  object space 124928K, 75% used [0x0000000080000000,0x0000000085c0a080,0x0000000087a00000)
 Metaspace       used 93286K, capacity 98402K, committed 98584K, reserved 1134592K
  class space    used 12080K, capacity 13085K, committed 13104K, reserved 1048576K
Event: 4252.854 GC heap after
Heap after GC invocations=19 (full 3):
 PSYoungGen      total 550400K, used 2977K [0x00000000d5580000, 0x0000000100000000, 0x0000000100000000)
  eden space 524800K, 0% used [0x00000000d5580000,0x00000000d5580000,0x00000000f5600000)
  from space 25600K, 11% used [0x00000000f7e80000,0x00000000f81687a8,0x00000000f9780000)
  to   space 41472K, 0% used [0x00000000f5600000,0x00000000f5600000,0x00000000f7e80000)
 ParOldGen       total 124928K, used 124151K [0x0000000080000000, 0x0000000087a00000, 0x00000000d5580000)
  object space 124928K, 99% used [0x0000000080000000,0x000000008793ddc0,0x0000000087a00000)
 Metaspace       used 93286K, capacity 98402K, committed 98584K, reserved 1134592K
  class space    used 12080K, capacity 13085K, committed 13104K, reserved 1048576K
}
Event: 4252.854 GC heap before
{Heap before GC invocations=20 (full 4):
 PSYoungGen      total 550400K, used 2977K [0x00000000d5580000, 0x0000000100000000, 0x0000000100000000)
  eden space 524800K, 0% used [0x00000000d5580000,0x00000000d5580000,0x00000000f5600000)
  from space 25600K, 11% used [0x00000000f7e80000,0x00000000f81687a8,0x00000000f9780000)
  to   space 41472K, 0% used [0x00000000f5600000,0x00000000f5600000,0x00000000f7e80000)
 ParOldGen       total 124928K, used 124151K [0x0000000080000000, 0x0000000087a00000, 0x00000000d5580000)
  object space 124928K, 99% used [0x0000000080000000,0x000000008793ddc0,0x0000000087a00000)
 Metaspace       used 93286K, capacity 98402K, committed 98584K, reserved 1134592K
  class space    used 12080K, capacity 13085K, committed 13104K, reserved 1048576K
Event: 4257.207 GC heap after
Heap after GC invocations=20 (full 4):
 PSYoungGen      total 550400K, used 0K [0x00000000d5580000, 0x0000000100000000, 0x0000000100000000)
  eden space 524800K, 0% used [0x00000000d5580000,0x00000000d5580000,0x00000000f5600000)
  from space 25600K, 0% used [0x00000000f7e80000,0x00000000f7e80000,0x00000000f9780000)
  to   space 41472K, 0% used [0x00000000f5600000,0x00000000f5600000,0x00000000f7e80000)
 ParOldGen       total 124928K, used 74719K [0x0000000080000000, 0x0000000087a00000, 0x00000000d5580000)
  object space 124928K, 59% used [0x0000000080000000,0x00000000848f7c30,0x0000000087a00000)
 Metaspace       used 92697K, capacity 96922K, committed 98584K, reserved 1134592K
  class space    used 11907K, capacity 12748K, committed 13104K, reserved 1048576K
}
Event: 4270.862 GC heap before
{Heap before GC invocations=21 (full 4):
 PSYoungGen      total 550400K, used 524513K [0x00000000d5580000, 0x0000000100000000, 0x0000000100000000)
  eden space 524800K, 99% used [0x00000000d5580000,0x00000000f55b8430,0x00000000f5600000)
  from space 25600K, 0% used [0x00000000f7e80000,0x00000000f7e80000,0x00000000f9780000)
  to   space 41472K, 0% used [0x00000000f5600000,0x00000000f5600000,0x00000000f7e80000)
 ParOldGen       total 124928K, used 75220K [0x0000000080000000, 0x0000000087a00000, 0x00000000d5580000)
  object space 124928K, 60% used [0x0000000080000000,0x0000000084975040,0x0000000087a00000)
 Metaspace       used 96811K, capacity 101274K, committed 102168K, reserved 1138688K
  class space    used 12409K, capacity 13304K, committed 13616K, reserved 1048576K
Event: 4270.887 GC heap after
Heap after GC invocations=21 (full 4):
 PSYoungGen      total 566272K, used 41441K [0x00000000d5580000, 0x0000000100000000, 0x0000000100000000)
  eden space 524800K, 0% used [0x00000000d5580000,0x00000000d5580000,0x00000000f5600000)
  from space 41472K, 99% used [0x00000000f5600000,0x00000000f7e784e8,0x00000000f7e80000)
  to   space 54784K, 0% used [0x00000000fca80000,0x00000000fca80000,0x0000000100000000)
 ParOldGen       total 124928K, used 91568K [0x0000000080000000, 0x0000000087a00000, 0x00000000d5580000)
  object space 124928K, 73% used [0x0000000080000000,0x000000008596c280,0x0000000087a00000)
 Metaspace       used 96811K, capacity 101274K, committed 102168K, reserved 1138688K
  class space    used 12409K, capacity 13304K, committed 13616K, reserved 1048576K
}

Deoptimization events (10 events):
Event: 4270.806 Thread 0x000000001f119000 Uncommon trap: reason=unstable_if action=reinterpret pc=0x0000000004b4ad94 method=sun.java2d.marlin.DRenderer._endRendering(II)V @ 2292
Event: 4271.030 Thread 0x000000001f123000 Uncommon trap: reason=unstable_if action=reinterpret pc=0x000000000545ce64 method=com.sun.imageio.plugins.png.IDATOutputStream.deflate()V @ 28
Event: 4271.033 Thread 0x000000001f124800 Uncommon trap: reason=unstable_if action=reinterpret pc=0x000000000545cef0 method=com.sun.imageio.plugins.png.IDATOutputStream.deflate()V @ 28
Event: 4271.039 Thread 0x000000001f126000 Uncommon trap: reason=unstable_if action=reinterpret pc=0x000000000545ce64 method=com.sun.imageio.plugins.png.IDATOutputStream.deflate()V @ 28
Event: 4271.225 Thread 0x000000001f11e800 Uncommon trap: reason=class_check action=maybe_recompile pc=0x00000000056e7fa4 method=org.antlr.v4.runtime.CommonToken.<init>(Lorg/antlr/v4/runtime/misc/Pair;IIII)V @ 58
Event: 4271.225 Thread 0x000000001f11e800 Uncommon trap: reason=class_check action=maybe_recompile pc=0x00000000056e7fa4 method=org.antlr.v4.runtime.CommonToken.<init>(Lorg/antlr/v4/runtime/misc/Pair;IIII)V @ 58
Event: 4271.225 Thread 0x000000001f11e800 Uncommon trap: reason=class_check action=maybe_recompile pc=0x00000000056e7fa4 method=org.antlr.v4.runtime.CommonToken.<init>(Lorg/antlr/v4/runtime/misc/Pair;IIII)V @ 58
Event: 4271.225 Thread 0x000000001f11e800 Uncommon trap: reason=class_check action=maybe_recompile pc=0x00000000056e7fa4 method=org.antlr.v4.runtime.CommonToken.<init>(Lorg/antlr/v4/runtime/misc/Pair;IIII)V @ 58
Event: 4271.302 Thread 0x000000001f11e800 Uncommon trap: reason=unstable_if action=reinterpret pc=0x0000000002bcbfd8 method=sun.nio.cs.SingleByte$Encoder.encodeArrayLoop(Ljava/nio/CharBuffer;Ljava/nio/ByteBuffer;)Ljava/nio/charset/CoderResult; @ 70
Event: 4271.556 Thread 0x000000001f11b800 Uncommon trap: reason=unstable_if action=reinterpret pc=0x0000000003e839e8 method=java.lang.ref.SoftReference.get()Ljava/lang/Object; @ 6

Classes redefined (0 events):
No events

Internal exceptions (10 events):
Event: 4270.323 Thread 0x000000001f120000 Exception <a 'sun/nio/fs/WindowsException'> (0x00000000ebae3708) thrown at [C:\src\AOSP-openjdk-git\hotspot\src\share\vm\prims\jni.cpp, line 710]
Event: 4270.331 Thread 0x000000001f120000 Exception <a 'sun/nio/fs/WindowsException'> (0x00000000ebae56e8) thrown at [C:\src\AOSP-openjdk-git\hotspot\src\share\vm\prims\jni.cpp, line 710]
Event: 4270.497 Thread 0x000000001f11e800 Implicit null exception at 0x00000000053a2368 to 0x00000000053a23e9
Event: 4270.540 Thread 0x000000001f11e800 Implicit null exception at 0x000000000497c223 to 0x000000000497cdf5
Event: 4271.462 Thread 0x000000001f120800 Exception <a 'java/io/IOException'> (0x00000000db6cb930) thrown at [C:\src\AOSP-openjdk-git\hotspot\src\share\vm\prims\jni.cpp, line 710]
Event: 4271.472 Thread 0x000000001f120800 Exception <a 'java/io/IOException': CreateProcess error=1455, The paging file is too small for this operation to complete> (0x00000000dce26380) thrown at [C:\src\AOSP-openjdk-git\hotspot\src\share\vm\prims\jni.cpp, line 737]
Event: 4271.485 Thread 0x000000001f123800 Exception <a 'java/io/IOException'> (0x00000000dbb576e0) thrown at [C:\src\AOSP-openjdk-git\hotspot\src\share\vm\prims\jni.cpp, line 710]
Event: 4271.496 Thread 0x000000001f126000 Exception <a 'java/io/IOException'> (0x00000000dc131730) thrown at [C:\src\AOSP-openjdk-git\hotspot\src\share\vm\prims\jni.cpp, line 710]
Event: 4271.534 Thread 0x000000001f122000 Exception <a 'java/io/IOException'> (0x00000000dbbb5bc0) thrown at [C:\src\AOSP-openjdk-git\hotspot\src\share\vm\prims\jni.cpp, line 710]
Event: 4271.556 Thread 0x000000001f11b800 Implicit null exception at 0x0000000003e7e8c2 to 0x0000000003e839c5

Events (10 events):
Event: 4271.531 Executing VM operation: RevokeBias done
Event: 4271.531 Thread 0x000000001c0bd800 Thread exited: 0x000000001c0bd800
Event: 4271.536 Executing VM operation: RevokeBias
Event: 4271.536 Executing VM operation: RevokeBias done
Event: 4271.536 Thread 0x000000001c0c0800 Thread exited: 0x000000001c0c0800
Event: 4271.554 Executing VM operation: RevokeBias
Event: 4271.555 Executing VM operation: RevokeBias done
Event: 4271.556 Thread 0x000000001f11b800 Uncommon trap: trap_request=0xffffff65 fr.pc=0x0000000003e839e8
Event: 4271.556 Thread 0x000000001f11b800 DEOPT PACKING pc=0x0000000003e839e8 sp=0x000000002995d700
Event: 4271.556 Thread 0x000000001f11b800 DEOPT UNPACKING pc=0x00000000027c557b sp=0x000000002995d580 mode 2


Dynamic libraries:
0x00007ff7a0500000 - 0x00007ff7a0531000 	C:\Program Files\Android\Android Studio\jre\bin\java.exe
0x00007ff977ee0000 - 0x00007ff9780d0000 	C:\WINDOWS\SYSTEM32\ntdll.dll
0x00007ff976c70000 - 0x00007ff976d22000 	C:\WINDOWS\System32\KERNEL32.DLL
0x00007ff975790000 - 0x00007ff975a35000 	C:\WINDOWS\System32\KERNELBASE.dll
0x00007ff977b80000 - 0x00007ff977c23000 	C:\WINDOWS\System32\ADVAPI32.dll
0x00007ff976730000 - 0x00007ff9767ce000 	C:\WINDOWS\System32\msvcrt.dll
0x00007ff977ae0000 - 0x00007ff977b77000 	C:\WINDOWS\System32\sechost.dll
0x00007ff977680000 - 0x00007ff9777a0000 	C:\WINDOWS\System32\RPCRT4.dll
0x00007ff977800000 - 0x00007ff977994000 	C:\WINDOWS\System32\USER32.dll
0x00007ff975e90000 - 0x00007ff975eb1000 	C:\WINDOWS\System32\win32u.dll
0x00007ff976010000 - 0x00007ff976036000 	C:\WINDOWS\System32\GDI32.dll
0x00007ff975c70000 - 0x00007ff975e06000 	C:\WINDOWS\System32\gdi32full.dll
0x00007ff975bd0000 - 0x00007ff975c6e000 	C:\WINDOWS\System32\msvcp_win.dll
0x00007ff975a70000 - 0x00007ff975b6a000 	C:\WINDOWS\System32\ucrtbase.dll
0x00007ff94d4a0000 - 0x00007ff94d724000 	C:\WINDOWS\WinSxS\amd64_microsoft.windows.common-controls_6595b64144ccf1df_6.0.18362.1139_none_9e7bf2d3e4605ac6\COMCTL32.dll
0x00007ff9768a0000 - 0x00007ff976bd5000 	C:\WINDOWS\System32\combase.dll
0x00007ff975e10000 - 0x00007ff975e90000 	C:\WINDOWS\System32\bcryptPrimitives.dll
0x00007ff976f00000 - 0x00007ff976f2e000 	C:\WINDOWS\System32\IMM32.DLL
0x0000000072ce0000 - 0x0000000072db2000 	C:\Program Files\Android\Android Studio\jre\jre\bin\msvcr100.dll
0x0000000071f10000 - 0x000000007275b000 	C:\Program Files\Android\Android Studio\jre\jre\bin\server\jvm.dll
0x00007ff976be0000 - 0x00007ff976be8000 	C:\WINDOWS\System32\PSAPI.DLL
0x00007ff971a30000 - 0x00007ff971a54000 	C:\WINDOWS\SYSTEM32\WINMM.dll
0x00007ff9580e0000 - 0x00007ff9580e9000 	C:\WINDOWS\SYSTEM32\WSOCK32.dll
0x00007ff96e400000 - 0x00007ff96e40a000 	C:\WINDOWS\SYSTEM32\VERSION.dll
0x00007ff977530000 - 0x00007ff97759f000 	C:\WINDOWS\System32\WS2_32.dll
0x00007ff971a00000 - 0x00007ff971a2d000 	C:\WINDOWS\SYSTEM32\winmmbase.dll
0x00007ff975740000 - 0x00007ff97578a000 	C:\WINDOWS\System32\cfgmgr32.dll
0x00007ff970590000 - 0x00007ff97059f000 	C:\Program Files\Android\Android Studio\jre\jre\bin\verify.dll
0x00007ff95c180000 - 0x00007ff95c1a9000 	C:\Program Files\Android\Android Studio\jre\jre\bin\java.dll
0x00007ff95c160000 - 0x00007ff95c176000 	C:\Program Files\Android\Android Studio\jre\jre\bin\zip.dll
0x00007ff976040000 - 0x00007ff976727000 	C:\WINDOWS\System32\SHELL32.dll
0x00007ff977010000 - 0x00007ff9770b9000 	C:\WINDOWS\System32\shcore.dll
0x00007ff974fc0000 - 0x00007ff975740000 	C:\WINDOWS\System32\windows.storage.dll
0x00007ff974e40000 - 0x00007ff974e63000 	C:\WINDOWS\System32\profapi.dll
0x00007ff974df0000 - 0x00007ff974e3a000 	C:\WINDOWS\System32\powrprof.dll
0x00007ff974da0000 - 0x00007ff974db0000 	C:\WINDOWS\System32\UMPDC.dll
0x00007ff9777a0000 - 0x00007ff9777f2000 	C:\WINDOWS\System32\shlwapi.dll
0x00007ff974db0000 - 0x00007ff974dc1000 	C:\WINDOWS\System32\kernel.appcore.dll
0x00007ff975ec0000 - 0x00007ff975ed7000 	C:\WINDOWS\System32\cryptsp.dll
0x00007ff95c140000 - 0x00007ff95c15a000 	C:\Program Files\Android\Android Studio\jre\jre\bin\net.dll
0x00007ff9745f0000 - 0x00007ff974657000 	C:\WINDOWS\system32\mswsock.dll
0x00007ff95c120000 - 0x00007ff95c133000 	C:\Program Files\Android\Android Studio\jre\jre\bin\nio.dll
0x00007ff918250000 - 0x00007ff918276000 	C:\Users\Edwin\.gradle\native\31\windows-amd64\native-platform.dll
0x00007ff970240000 - 0x00007ff97024d000 	C:\Program Files\Android\Android Studio\jre\jre\bin\management.dll
0x00007ff974160000 - 0x00007ff974193000 	C:\WINDOWS\system32\rsaenh.dll
0x00007ff975a40000 - 0x00007ff975a66000 	C:\WINDOWS\System32\bcrypt.dll
0x00007ff974cc0000 - 0x00007ff974ce5000 	C:\WINDOWS\SYSTEM32\USERENV.dll
0x00007ff9747c0000 - 0x00007ff9747cc000 	C:\WINDOWS\SYSTEM32\CRYPTBASE.dll
0x00007ff974300000 - 0x00007ff97433a000 	C:\WINDOWS\SYSTEM32\IPHLPAPI.DLL
0x00007ff977670000 - 0x00007ff977678000 	C:\WINDOWS\System32\NSI.dll
0x00007ff96d6c0000 - 0x00007ff96d6d6000 	C:\WINDOWS\SYSTEM32\dhcpcsvc6.DLL
0x00007ff96d530000 - 0x00007ff96d54c000 	C:\WINDOWS\SYSTEM32\dhcpcsvc.DLL
0x00007ff974340000 - 0x00007ff97440b000 	C:\WINDOWS\SYSTEM32\DNSAPI.dll
0x00007ff973de0000 - 0x00007ff973e11000 	C:\WINDOWS\SYSTEM32\ntmarta.dll
0x00007ff9126d0000 - 0x00007ff91286c000 	C:\Program Files\Android\Android Studio\jre\jre\bin\awt.dll
0x00007ff9767d0000 - 0x00007ff976895000 	C:\WINDOWS\System32\OLEAUT32.dll
0x00007ff973630000 - 0x00007ff97365d000 	C:\WINDOWS\SYSTEM32\dwmapi.dll
0x00007ff971b30000 - 0x00007ff9720f0000 	C:\WINDOWS\SYSTEM32\d2d1.dll
0x00007ff972f10000 - 0x00007ff972f9f000 	C:\WINDOWS\SYSTEM32\apphelp.dll
0x00007ff973070000 - 0x00007ff973109000 	C:\WINDOWS\system32\uxtheme.dll

VM Arguments:
jvm_args: -Xmx2048m -Dfile.encoding=windows-1252 -Duser.country=US -Duser.language=en -Duser.variant 
java_command: org.gradle.launcher.daemon.bootstrap.GradleDaemon 6.1.1
java_class_path (initial): C:\Users\Edwin\.gradle\wrapper\dists\gradle-6.1.1-all\cfmwm155h49vnt3hynmlrsdst\gradle-6.1.1\lib\gradle-launcher-6.1.1.jar
Launcher Type: SUN_STANDARD

Environment Variables:
PATH=C:\app\Edwin\product\18.0.0\dbhomeXE\bin;C:\Program Files (x86)\Common Files\Oracle\Java\javapath;C:\Windows\system32;C:\Windows;C:\Windows\System32\Wbem;C:\Windows\System32\WindowsPowerShell\v1.0\;C:\Windows\System32\OpenSSH\;C:\Program Files\NVIDIA Corporation\NVIDIA NvDLISR;C:\Program Files (x86)\NVIDIA Corporation\PhysX\Common;C:\Program Files\Git\cmd;C:\xampp\php;C:\ProgramData\ComposerSetup\bin;C:\Users\Edwin\AppData\Local\Android\Sdk\platform-tools;;C:\WINDOWS\system32;C:\WINDOWS;C:\WINDOWS\System32\Wbem;C:\WINDOWS\System32\WindowsPowerShell\v1.0\;C:\WINDOWS\System32\OpenSSH\;C:\Program Files\nodejs\;C:\Users\Edwin\AppData\Local\Programs\Python\Python38\Scripts\;C:\Users\Edwin\AppData\Local\Programs\Python\Python38\;C:\Program Files\MySQL\MySQL Shell 8.0\bin\;C:\Users\Edwin\AppData\Local\Microsoft\WindowsApps;C:\Users\Edwin\AppData\Local\Programs\Microsoft VS Code\bin;C:\MinGW\bin;C:\Users\Edwin\AppData\Roaming\Composer\vendor\bin;C:\Users\Edwin\AppData\Roaming\npm
USERNAME=Edwin
OS=Windows_NT
PROCESSOR_IDENTIFIER=Intel64 Family 6 Model 158 Stepping 10, GenuineIntel



---------------  S Y S T E M  ---------------

OS: Windows 10.0 , 64 bit Build 18362 (10.0.18362.1110)

CPU:total 8 (initial active 8) (4 cores per cpu, 2 threads per core) family 6 model 158 stepping 10, cmov, cx8, fxsr, mmx, sse, sse2, sse3, ssse3, sse4.1, sse4.2, popcnt, avx, avx2, aes, clmul, erms, 3dnowpref, lzcnt, ht, tsc, tscinvbit, bmi1, bmi2, adx

Memory: 4k page, physical 8227124k(410892k free), swap 14518580k(6868k free)

vm_info: OpenJDK 64-Bit Server VM (25.242-b01) for windows-amd64 JRE (1.8.0_242-release-1644-b01), built by "builder" with MS VC++ 10.0 (VS2010)

time: Mon Nov 02 04:43:05 2020
timezone: Central America Standard Time
elapsed time: 4271 seconds (0d 1h 11m 11s)

